è·å–http://www.elrepo.org/elrepo-release-7.0-3.el7.elrepo.noarch.rpm
å‡†å¤‡ä¸­...                          ########################################
æ­£åœ¨å‡çº§/å®‰è£…...
elrepo-release-7.0-3.el7.elrepo       ########################################
å·²åŠ è½½æ’ä»¶ï¼šfastestmirror
Loading mirror speeds from cached hostfile
 * base: ftp.iij.ad.jp
 * elrepo: ftp.yz.yamagata-u.ac.jp
 * elrepo-kernel: ftp.yz.yamagata-u.ac.jp
 * epel: ftp.iij.ad.jp
 * extras: ftp.iij.ad.jp
 * updates: ftp.iij.ad.jp
æ­£åœ¨è§£å†³ä¾èµ–å…³ç³»
--> æ­£åœ¨æ£€æŸ¥äº‹åŠ¡
---> è½¯ä»¶åŒ… kernel-ml.x86_64.0.4.18.11-1.el7.elrepo å°†è¢« å®‰è£…
---> è½¯ä»¶åŒ… kernel-ml-devel.x86_64.0.4.18.11-1.el7.elrepo å°†è¢« å®‰è£…
--> è§£å†³ä¾èµ–å…³ç³»å®Œæˆ

ä¾èµ–å…³ç³»è§£å†³

================================================================================
 Package            æ¶æ„      ç‰ˆæœ¬                       æº                å¤§å°
================================================================================
æ­£åœ¨å®‰è£…:
 kernel-ml          x86_64    4.18.11-1.el7.elrepo       elrepo-kernel     45 M
 kernel-ml-devel    x86_64    4.18.11-1.el7.elrepo       elrepo-kernel     12 M

äº‹åŠ¡æ¦‚è¦
================================================================================
å®‰è£…  2 è½¯ä»¶åŒ…

æ€»ä¸‹è½½é‡ï¼š57 M
å®‰è£…å¤§å°ï¼š248 M
Downloading packages:
--------------------------------------------------------------------------------
æ€»è®¡                                               3.4 MB/s |  57 MB  00:16     
Running transaction check
Running transaction test
Transaction test succeeded
Running transaction
  æ­£åœ¨å®‰è£…    : kernel-ml-4.18.11-1.el7.elrepo.x86_64                       1/2 
  æ­£åœ¨å®‰è£…    : kernel-ml-devel-4.18.11-1.el7.elrepo.x86_64                 2/2 
  éªŒè¯ä¸­      : kernel-ml-devel-4.18.11-1.el7.elrepo.x86_64                 1/2 
  éªŒè¯ä¸­      : kernel-ml-4.18.11-1.el7.elrepo.x86_64                       2/2 

å·²å®‰è£…:
  kernel-ml.x86_64 0:4.18.11-1.el7.elrepo                                       
  kernel-ml-devel.x86_64 0:4.18.11-1.el7.elrepo                                 

å®Œæ¯•ï¼

[0;32mInfo:[0m The system needs to reboot.
Do you want to restart system? [y/n]